<?xml version="1.0" encoding="UTF-8"?>
<testsuite xmlns:xsi="http://www.w3.org/2001/XMLSchema-instance" xsi:noNamespaceSchemaLocation="https://maven.apache.org/surefire/maven-surefire-plugin/xsd/surefire-test-report.xsd" name="StudentService.Service.TestAddStudent" time="1.781" tests="15" errors="0" skipped="0" failures="0">
  <properties>
[...]
</properties>
  <testcase name="shouldPass_Id_ConvertibleOnlyNaNCharacters" classname="StudentService.Service.TestAddStudent" time="1.015"/>
  <testcase name="shouldPass_Id_LongString" classname="StudentService.Service.TestAddStudent" time="0.032"/>
  <testcase name="shouldFail_Id_Empty" classname="StudentService.Service.TestAddStudent" time="0"/>
  <testcase name="shouldPass_Group_ConvertibleMoreThan3Digits" classname="StudentService.Service.TestAddStudent" time="0.031"/>
  <testcase name="shouldFail_Group_NotConvertibleToNumber" classname="StudentService.Service.TestAddStudent" time="0.016"/>
  <testcase name="shouldPass_Id_ConvertibleNumberCharacters" classname="StudentService.Service.TestAddStudent" time="0.031"/>
  <testcase name="shouldPass_Group_ConvertibleLessThan3Digits" classname="StudentService.Service.TestAddStudent" time="0.031"/>
  <testcase name="shouldPass_Id_ConvertibleAlphaNumeric" classname="StudentService.Service.TestAddStudent" time="0.031"/>
  <testcase name="shouldPass_Group_ConvertibleTo0" classname="StudentService.Service.TestAddStudent" time="0.016"/>
  <testcase name="shouldPass_Id_SpecialCharacters" classname="StudentService.Service.TestAddStudent" time="0.031"/>
  <testcase name="shouldPass_Group_Convertible3Digits" classname="StudentService.Service.TestAddStudent" time="0.047"/>
  <testcase name="shouldFail_Group_EmptyString" classname="StudentService.Service.TestAddStudent" time="0.016"/>
  <testcase name="shouldPass_All_DefaultsToUse" classname="StudentService.Service.TestAddStudent" time="0.047"/>
  <testcase name="shouldFail_Group_ConvertibleToNegative" classname="StudentService.Service.TestAddStudent" time="0.015"/>
  <testcase name="shouldPass_Group_ConvertibleToNumber" classname="StudentService.Service.TestAddStudent" time="0.031"/>
</testsuite>